INFO 2025-07-02 14:16:05,816 autoreload 20090 8737414912 Watching for file changes with StatReloader
ERROR 2025-07-02 14:16:07,377 log 20090 6204846080 Internal Server Error: /
Traceback (most recent call last):
  File "/Users/barborasandova/Documents/CODE/active/django/filmapp/filmflow_env/lib/python3.13/site-packages/django/template/base.py", line 510, in parse
    compile_func = self.tags[command]
                   ~~~~~~~~~^^^^^^^^^
KeyError: 'static'

During handling of the above exception, another exception occurred:

Traceback (most recent call last):
  File "/Users/barborasandova/Documents/CODE/active/django/filmapp/filmflow_env/lib/python3.13/site-packages/django/core/handlers/exception.py", line 55, in inner
    response = get_response(request)
  File "/Users/barborasandova/Documents/CODE/active/django/filmapp/filmflow_env/lib/python3.13/site-packages/django/core/handlers/base.py", line 220, in _get_response
    response = response.render()
  File "/Users/barborasandova/Documents/CODE/active/django/filmapp/filmflow_env/lib/python3.13/site-packages/django/template/response.py", line 114, in render
    self.content = self.rendered_content
                   ^^^^^^^^^^^^^^^^^^^^^
  File "/Users/barborasandova/Documents/CODE/active/django/filmapp/filmflow_env/lib/python3.13/site-packages/django/template/response.py", line 90, in rendered_content
    template = self.resolve_template(self.template_name)
  File "/Users/barborasandova/Documents/CODE/active/django/filmapp/filmflow_env/lib/python3.13/site-packages/django/template/response.py", line 72, in resolve_template
    return select_template(template, using=self.using)
  File "/Users/barborasandova/Documents/CODE/active/django/filmapp/filmflow_env/lib/python3.13/site-packages/django/template/loader.py", line 42, in select_template
    return engine.get_template(template_name)
           ~~~~~~~~~~~~~~~~~~~^^^^^^^^^^^^^^^
  File "/Users/barborasandova/Documents/CODE/active/django/filmapp/filmflow_env/lib/python3.13/site-packages/django/template/backends/django.py", line 79, in get_template
    return Template(self.engine.get_template(template_name), self)
                    ~~~~~~~~~~~~~~~~~~~~~~~~^^^^^^^^^^^^^^^
  File "/Users/barborasandova/Documents/CODE/active/django/filmapp/filmflow_env/lib/python3.13/site-packages/django/template/engine.py", line 177, in get_template
    template, origin = self.find_template(template_name)
                       ~~~~~~~~~~~~~~~~~~^^^^^^^^^^^^^^^
  File "/Users/barborasandova/Documents/CODE/active/django/filmapp/filmflow_env/lib/python3.13/site-packages/django/template/engine.py", line 159, in find_template
    template = loader.get_template(name, skip=skip)
  File "/Users/barborasandova/Documents/CODE/active/django/filmapp/filmflow_env/lib/python3.13/site-packages/django/template/loaders/cached.py", line 57, in get_template
    template = super().get_template(template_name, skip)
  File "/Users/barborasandova/Documents/CODE/active/django/filmapp/filmflow_env/lib/python3.13/site-packages/django/template/loaders/base.py", line 28, in get_template
    return Template(
        contents,
    ...<2 lines>...
        self.engine,
    )
  File "/Users/barborasandova/Documents/CODE/active/django/filmapp/filmflow_env/lib/python3.13/site-packages/django/template/base.py", line 154, in __init__
    self.nodelist = self.compile_nodelist()
                    ~~~~~~~~~~~~~~~~~~~~~^^
  File "/Users/barborasandova/Documents/CODE/active/django/filmapp/filmflow_env/lib/python3.13/site-packages/django/template/base.py", line 196, in compile_nodelist
    nodelist = parser.parse()
  File "/Users/barborasandova/Documents/CODE/active/django/filmapp/filmflow_env/lib/python3.13/site-packages/django/template/base.py", line 518, in parse
    raise self.error(token, e)
  File "/Users/barborasandova/Documents/CODE/active/django/filmapp/filmflow_env/lib/python3.13/site-packages/django/template/base.py", line 516, in parse
    compiled_result = compile_func(self, token)
  File "/Users/barborasandova/Documents/CODE/active/django/filmapp/filmflow_env/lib/python3.13/site-packages/django/template/defaulttags.py", line 976, in do_if
    nodelist = parser.parse(("endif",))
  File "/Users/barborasandova/Documents/CODE/active/django/filmapp/filmflow_env/lib/python3.13/site-packages/django/template/base.py", line 512, in parse
    self.invalid_block_tag(token, command, parse_until)
    ~~~~~~~~~~~~~~~~~~~~~~^^^^^^^^^^^^^^^^^^^^^^^^^^^^^
  File "/Users/barborasandova/Documents/CODE/active/django/filmapp/filmflow_env/lib/python3.13/site-packages/django/template/base.py", line 567, in invalid_block_tag
    raise self.error(
    ...<8 lines>...
    )
django.template.exceptions.TemplateSyntaxError: Invalid block tag on line 90: 'static', expected 'endif'. Did you forget to register or load this tag?
ERROR 2025-07-02 14:16:07,380 basehttp 20090 6204846080 "GET / HTTP/1.1" 500 163149
INFO 2025-07-02 14:17:40,325 autoreload 20411 8737414912 Watching for file changes with StatReloader
INFO 2025-07-02 14:17:41,731 basehttp 20411 6167851008 "GET / HTTP/1.1" 200 3598
WARNING 2025-07-02 14:17:41,775 basehttp 20411 6184677376 "GET /static/dist/assets/index.css HTTP/1.1" 404 2003
WARNING 2025-07-02 14:17:41,775 basehttp 20411 6167851008 "GET /static/dist/assets/index.js HTTP/1.1" 404 2000
WARNING 2025-07-02 14:17:41,907 basehttp 20411 6201503744 "GET /static/favicon.svg HTTP/1.1" 404 1973
INFO 2025-07-02 14:17:41,907 basehttp 20411 6218330112 "GET /sw.js HTTP/1.1" 200 3598
INFO 2025-07-02 14:21:44,141 autoreload 21352 8737414912 Watching for file changes with StatReloader
INFO 2025-07-02 14:21:46,013 basehttp 21352 6126481408 "GET / HTTP/1.1" 200 3598
WARNING 2025-07-02 14:21:46,062 basehttp 21352 6126481408 "GET /static/dist/assets/index.js HTTP/1.1" 404 2000
WARNING 2025-07-02 14:21:46,062 basehttp 21352 6143307776 "GET /static/dist/assets/index.css HTTP/1.1" 404 2003
INFO 2025-07-02 14:21:46,118 basehttp 21352 6160134144 "GET /sw.js HTTP/1.1" 200 3598
WARNING 2025-07-02 14:23:41,102 log 21352 6126481408 Forbidden: /api/v1/production/productions/
WARNING 2025-07-02 14:23:41,103 basehttp 21352 6126481408 "GET /api/v1/production/productions/ HTTP/1.1" 403 51
INFO 2025-07-02 14:26:00,952 autoreload 22246 8737414912 Watching for file changes with StatReloader
WARNING 2025-07-02 14:26:05,743 log 22246 6129086464 Forbidden: /api/v1/production/productions/
WARNING 2025-07-02 14:26:05,743 basehttp 22246 6129086464 "GET /api/v1/production/productions/ HTTP/1.1" 403 51
WARNING 2025-07-02 14:26:06,663 log 22246 6129086464 Forbidden: /api/v1/production/productions/
WARNING 2025-07-02 14:26:06,666 basehttp 22246 6129086464 "GET /api/v1/production/productions/ HTTP/1.1" 403 51
WARNING 2025-07-02 14:26:24,877 log 22246 6145912832 Forbidden: /api/v1/production/productions/
WARNING 2025-07-02 14:26:24,878 basehttp 22246 6145912832 "GET /api/v1/production/productions/ HTTP/1.1" 403 51
WARNING 2025-07-02 14:26:24,955 log 22246 6162739200 Forbidden: /api/v1/production/productions/
WARNING 2025-07-02 14:26:24,957 basehttp 22246 6162739200 "GET /api/v1/production/productions/ HTTP/1.1" 403 51
WARNING 2025-07-02 14:26:28,555 log 22246 6179565568 Forbidden: /api/v1/production/productions/
WARNING 2025-07-02 14:26:28,556 basehttp 22246 6179565568 "GET /api/v1/production/productions/ HTTP/1.1" 403 51
WARNING 2025-07-02 14:26:31,807 log 22246 6196391936 Forbidden: /api/v1/production/productions/
WARNING 2025-07-02 14:26:31,809 basehttp 22246 6196391936 "GET /api/v1/production/productions/ HTTP/1.1" 403 51
WARNING 2025-07-02 14:26:37,403 log 22246 6213218304 Forbidden: /api/v1/production/productions/
WARNING 2025-07-02 14:26:37,404 basehttp 22246 6213218304 "GET /api/v1/production/productions/ HTTP/1.1" 403 51
WARNING 2025-07-02 14:26:44,947 log 22246 6230044672 Forbidden: /api/v1/production/productions/
WARNING 2025-07-02 14:26:44,947 basehttp 22246 6230044672 "GET /api/v1/production/productions/ HTTP/1.1" 403 51
WARNING 2025-07-02 14:27:14,616 log 22246 6129086464 Forbidden: /api/v1/production/productions/
WARNING 2025-07-02 14:27:14,616 basehttp 22246 6129086464 "GET /api/v1/production/productions/ HTTP/1.1" 403 51
WARNING 2025-07-02 14:27:59,118 log 22246 6145912832 Forbidden: /api/v1/production/productions/
WARNING 2025-07-02 14:27:59,120 basehttp 22246 6145912832 "GET /api/v1/production/productions/ HTTP/1.1" 403 51
INFO 2025-07-02 14:30:34,457 autoreload 23287 8737414912 Watching for file changes with StatReloader
WARNING 2025-07-02 14:30:37,168 log 23287 6136852480 Forbidden: /api/v1/production/productions/
WARNING 2025-07-02 14:30:37,168 basehttp 23287 6136852480 "GET /api/v1/production/productions/ HTTP/1.1" 403 51
WARNING 2025-07-02 14:31:21,898 log 23287 6136852480 Forbidden: /api/v1/production/productions/
WARNING 2025-07-02 14:31:21,898 basehttp 23287 6136852480 "GET /api/v1/production/productions/ HTTP/1.1" 403 51
WARNING 2025-07-02 14:31:23,400 log 23287 6153678848 Forbidden: /api/v1/production/productions/
WARNING 2025-07-02 14:31:23,400 basehttp 23287 6153678848 "GET /api/v1/production/productions/ HTTP/1.1" 403 51
WARNING 2025-07-02 14:31:30,222 log 23287 6170505216 Forbidden: /api/v1/production/productions/
WARNING 2025-07-02 14:31:30,223 basehttp 23287 6170505216 "GET /api/v1/production/productions/ HTTP/1.1" 403 51
WARNING 2025-07-02 14:31:50,396 log 23287 6187331584 Forbidden: /api/v1/production/productions/
WARNING 2025-07-02 14:31:50,396 basehttp 23287 6187331584 "GET /api/v1/production/productions/ HTTP/1.1" 403 51
WARNING 2025-07-02 14:31:53,496 log 23287 6204157952 Forbidden: /api/v1/production/productions/
WARNING 2025-07-02 14:31:53,496 basehttp 23287 6204157952 "GET /api/v1/production/productions/ HTTP/1.1" 403 51
WARNING 2025-07-02 14:31:54,368 log 23287 6220984320 Forbidden: /api/v1/production/productions/
WARNING 2025-07-02 14:31:54,369 basehttp 23287 6220984320 "GET /api/v1/production/productions/ HTTP/1.1" 403 51
WARNING 2025-07-02 14:32:03,162 log 23287 6237810688 Forbidden: /api/v1/production/productions/
WARNING 2025-07-02 14:32:03,163 basehttp 23287 6237810688 "GET /api/v1/production/productions/ HTTP/1.1" 403 51
WARNING 2025-07-02 14:32:12,384 log 23287 6136852480 Forbidden: /api/v1/production/productions/
WARNING 2025-07-02 14:32:12,384 basehttp 23287 6136852480 "GET /api/v1/production/productions/ HTTP/1.1" 403 51
WARNING 2025-07-02 14:32:13,666 log 23287 6153678848 Forbidden: /api/v1/production/productions/
WARNING 2025-07-02 14:32:13,666 basehttp 23287 6153678848 "GET /api/v1/production/productions/ HTTP/1.1" 403 51
WARNING 2025-07-02 14:32:14,395 log 23287 6170505216 Forbidden: /api/v1/production/productions/
WARNING 2025-07-02 14:32:14,395 basehttp 23287 6170505216 "GET /api/v1/production/productions/ HTTP/1.1" 403 51
WARNING 2025-07-02 14:32:53,389 log 23287 6187331584 Forbidden: /api/v1/production/productions/
WARNING 2025-07-02 14:32:53,389 basehttp 23287 6187331584 "GET /api/v1/production/productions/ HTTP/1.1" 403 51
WARNING 2025-07-02 14:32:54,546 log 23287 6204157952 Forbidden: /api/v1/production/productions/
WARNING 2025-07-02 14:32:54,547 basehttp 23287 6204157952 "GET /api/v1/production/productions/ HTTP/1.1" 403 51
WARNING 2025-07-02 14:33:22,274 log 23287 6220984320 Forbidden: /api/v1/production/productions/
WARNING 2025-07-02 14:33:22,275 basehttp 23287 6220984320 "GET /api/v1/production/productions/ HTTP/1.1" 403 51
WARNING 2025-07-02 14:34:20,437 log 23287 6237810688 Forbidden: /api/v1/production/productions/
WARNING 2025-07-02 14:34:20,437 basehttp 23287 6237810688 "GET /api/v1/production/productions/ HTTP/1.1" 403 10020
INFO 2025-07-02 14:35:15,092 autoreload 24254 8737414912 Watching for file changes with StatReloader
WARNING 2025-07-02 14:35:18,856 log 24254 6205501440 Forbidden: /api/v1/production/productions/
WARNING 2025-07-02 14:35:18,857 basehttp 24254 6205501440 "GET /api/v1/production/productions/ HTTP/1.1" 403 10020
INFO 2025-07-02 14:35:18,892 basehttp 24254 6255980544 "GET /static/rest_framework/css/default.css HTTP/1.1" 200 1152
INFO 2025-07-02 14:35:18,893 basehttp 24254 6289633280 "GET /static/rest_framework/js/ajax-form.js HTTP/1.1" 200 3796
INFO 2025-07-02 14:35:18,893 basehttp 24254 6222327808 "GET /static/rest_framework/css/bootstrap-tweaks.css HTTP/1.1" 200 3426
INFO 2025-07-02 14:35:18,894 basehttp 24254 6239154176 "GET /static/rest_framework/css/prettify.css HTTP/1.1" 200 817
INFO 2025-07-02 14:35:18,895 basehttp 24254 6255980544 "GET /static/rest_framework/js/csrf.js HTTP/1.1" 200 1793
INFO 2025-07-02 14:35:18,903 basehttp 24254 6222327808 "GET /static/rest_framework/js/default.js HTTP/1.1" 200 1268
INFO 2025-07-02 14:35:18,904 basehttp 24254 6272806912 "GET /static/rest_framework/js/jquery-3.7.1.min.js HTTP/1.1" 200 87533
INFO 2025-07-02 14:35:18,905 basehttp 24254 6255980544 "GET /static/rest_framework/js/load-ajax-form.js HTTP/1.1" 200 59
INFO 2025-07-02 14:35:18,905 basehttp 24254 6205501440 "GET /static/rest_framework/css/bootstrap.min.css HTTP/1.1" 200 121457
INFO 2025-07-02 14:35:18,906 basehttp 24254 6289633280 "GET /static/rest_framework/js/prettify-min.js HTTP/1.1" 200 13632
INFO 2025-07-02 14:35:18,907 basehttp 24254 6239154176 "GET /static/rest_framework/js/bootstrap.min.js HTTP/1.1" 200 39680
INFO 2025-07-02 14:35:18,913 basehttp 24254 6239154176 "GET /static/rest_framework/img/grid.png HTTP/1.1" 200 1458
INFO 2025-07-02 14:35:18,957 basehttp 24254 6239154176 "GET /favicon.ico HTTP/1.1" 200 3598
INFO 2025-07-02 14:36:29,317 autoreload 24533 8737414912 Watching for file changes with StatReloader
INFO 2025-07-02 14:36:30,740 basehttp 24533 6136410112 "GET / HTTP/1.1" 200 3598
WARNING 2025-07-02 14:36:30,798 basehttp 24533 6136410112 "GET /static/dist/assets/index.js HTTP/1.1" 404 2000
WARNING 2025-07-02 14:36:30,799 basehttp 24533 6153236480 "GET /static/dist/assets/index.css HTTP/1.1" 404 2003
INFO 2025-07-02 14:36:30,836 basehttp 24533 6186889216 "GET /sw.js HTTP/1.1" 200 3598
WARNING 2025-07-02 14:36:30,836 basehttp 24533 6170062848 "GET /static/favicon.svg HTTP/1.1" 404 1973
WARNING 2025-07-02 14:36:38,622 log 24533 6136410112 Forbidden: /api/v1/production/productions/
WARNING 2025-07-02 14:36:38,623 basehttp 24533 6136410112 "GET /api/v1/production/productions/ HTTP/1.1" 403 10020
INFO 2025-07-02 14:36:38,693 basehttp 24533 6136410112 "GET /favicon.ico HTTP/1.1" 200 3598
INFO 2025-07-02 14:36:39,671 basehttp 24533 6136410112 "GET /api/auth/login/?next=/api/v1/production/productions/ HTTP/1.1" 200 2740
INFO 2025-07-02 14:36:39,714 basehttp 24533 6136410112 "GET /favicon.ico HTTP/1.1" 200 3598
INFO 2025-07-02 14:36:42,701 basehttp 24533 6136410112 "POST /api/auth/login/ HTTP/1.1" 302 0
INFO 2025-07-02 14:36:42,720 basehttp 24533 6136410112 "GET /api/v1/production/productions/ HTTP/1.1" 200 18645
INFO 2025-07-02 14:36:43,073 basehttp 24533 6136410112 "GET /favicon.ico HTTP/1.1" 200 3598
INFO 2025-07-02 14:36:50,268 basehttp 24533 6153236480 "GET /api/v1/production/productions/ HTTP/1.1" 200 888
INFO 2025-07-02 14:37:32,523 basehttp 24533 6153236480 "GET /api/v1/production/productions/ HTTP/1.1" 200 888
INFO 2025-07-02 14:37:34,901 basehttp 24533 6170062848 "GET /api/v1/production/productions/ HTTP/1.1" 200 888
INFO 2025-07-02 14:37:51,794 basehttp 24533 6203715584 "GET /api/v1/production/productions/ HTTP/1.1" 200 888
INFO 2025-07-02 14:38:21,327 autoreload 24920 8737414912 Watching for file changes with StatReloader
INFO 2025-07-02 14:38:23,267 basehttp 24920 6126530560 "GET / HTTP/1.1" 200 3598
WARNING 2025-07-02 14:38:23,313 basehttp 24920 6126530560 "GET /static/dist/assets/index.js HTTP/1.1" 404 2000
WARNING 2025-07-02 14:38:23,316 basehttp 24920 6143356928 "GET /static/dist/assets/index.css HTTP/1.1" 404 2003
INFO 2025-07-02 14:38:23,343 basehttp 24920 6177009664 "GET /sw.js HTTP/1.1" 200 3598
WARNING 2025-07-02 14:38:23,347 basehttp 24920 6160183296 "GET /static/favicon.svg HTTP/1.1" 404 1973
INFO 2025-07-02 14:38:32,184 basehttp 24920 6126530560 "GET /api/v1/production/productions/ HTTP/1.1" 200 888
INFO 2025-07-02 14:38:40,509 basehttp 24920 6143356928 "GET /api/v1/production/productions/ HTTP/1.1" 200 888
INFO 2025-07-02 14:39:05,400 basehttp 24920 6160183296 "GET /api/v1/production/productions/ HTTP/1.1" 200 888
INFO 2025-07-02 14:39:14,840 basehttp 24920 6126530560 "GET /api/v1/production/productions/ HTTP/1.1" 200 888
INFO 2025-07-02 14:39:18,079 basehttp 24920 6143356928 "GET /api/v1/production/productions/ HTTP/1.1" 200 18645
INFO 2025-07-02 14:39:18,092 basehttp 24920 6143356928 "GET /static/rest_framework/css/bootstrap.min.css HTTP/1.1" 304 0
INFO 2025-07-02 14:39:18,094 basehttp 24920 6126530560 "GET /static/rest_framework/css/bootstrap-tweaks.css HTTP/1.1" 304 0
INFO 2025-07-02 14:39:18,095 basehttp 24920 6160183296 "GET /static/rest_framework/css/prettify.css HTTP/1.1" 304 0
INFO 2025-07-02 14:39:18,095 basehttp 24920 6143356928 "GET /static/rest_framework/js/csrf.js HTTP/1.1" 304 0
INFO 2025-07-02 14:39:18,096 basehttp 24920 6193836032 "GET /static/rest_framework/css/default.css HTTP/1.1" 304 0
INFO 2025-07-02 14:39:18,098 basehttp 24920 6210662400 "GET /static/rest_framework/js/jquery-3.7.1.min.js HTTP/1.1" 304 0
INFO 2025-07-02 14:39:18,098 basehttp 24920 6126530560 "GET /static/rest_framework/js/bootstrap.min.js HTTP/1.1" 304 0
INFO 2025-07-02 14:39:18,098 basehttp 24920 6143356928 "GET /static/rest_framework/js/default.js HTTP/1.1" 304 0
INFO 2025-07-02 14:39:18,099 basehttp 24920 6193836032 "GET /static/rest_framework/js/load-ajax-form.js HTTP/1.1" 304 0
INFO 2025-07-02 14:39:18,099 basehttp 24920 6160183296 "GET /static/rest_framework/js/prettify-min.js HTTP/1.1" 304 0
INFO 2025-07-02 14:39:18,099 basehttp 24920 6227488768 "GET /static/rest_framework/js/ajax-form.js HTTP/1.1" 304 0
INFO 2025-07-02 14:39:18,133 basehttp 24920 6193836032 "GET /favicon.ico HTTP/1.1" 200 3598
INFO 2025-07-02 14:39:18,774 basehttp 24920 6193836032 "GET /api/v1/production/productions/ HTTP/1.1" 200 18645
INFO 2025-07-02 14:39:18,821 basehttp 24920 6193836032 "GET /favicon.ico HTTP/1.1" 200 3598
INFO 2025-07-02 14:39:55,100 basehttp 24920 6244315136 "GET /api/v1/production/productions/ HTTP/1.1" 200 888
INFO 2025-07-02 14:39:56,880 basehttp 24920 6244315136 "GET /api/v1/production/productions/ HTTP/1.1" 200 888
INFO 2025-07-02 14:40:29,967 autoreload 25396 8737414912 Watching for file changes with StatReloader
INFO 2025-07-02 14:40:37,518 basehttp 25396 6122156032 "GET /api/v1/production/productions/ HTTP/1.1" 200 888
INFO 2025-07-02 14:40:45,752 basehttp 25396 6122156032 "GET /api/v1/production/productions/ HTTP/1.1" 200 888
INFO 2025-07-02 14:43:16,209 basehttp 25396 6138982400 "GET /api/v1/production/productions/ HTTP/1.1" 200 888
INFO 2025-07-02 14:46:59,805 basehttp 25396 6155808768 "GET /api/v1/production/productions/ HTTP/1.1" 200 888
INFO 2025-07-02 14:49:07,084 basehttp 25396 6172635136 "GET /api/v1/production/productions/ HTTP/1.1" 200 888
INFO 2025-07-02 14:50:40,398 basehttp 25396 6122156032 "GET /api/v1/production/productions/ HTTP/1.1" 200 888
INFO 2025-07-02 14:54:21,797 basehttp 25396 6138982400 "GET /api/v1/production/productions/ HTTP/1.1" 200 888
INFO 2025-07-02 14:54:36,289 basehttp 25396 6155808768 "GET /api/v1/production/productions/ HTTP/1.1" 200 888
INFO 2025-07-02 14:54:45,604 basehttp 25396 6172635136 "GET /api/v1/production/productions/ HTTP/1.1" 200 888
